Got browser profile options from settings file: 
{disable-popup-blocking=true, profile.default_content_settings.popups=0, download.prompt_for_download=false, intl.accept_languages=en, safebrowsing.enabled=true, download.default_directory=//home//selenium//downloads}
Got browser capabilities from settings file: 
{enableVNC=true}
Using Log4J2 as the default logging framework
-Dio.netty.leakDetection.level: simple
-Dio.netty.leakDetection.targetRecords: 4
Loaded default ResourceLeakDetector: io.netty.util.ResourceLeakDetector@20cece0b
-Dio.netty.noUnsafe: false
Java version: 11
sun.misc.Unsafe.theUnsafe: available
sun.misc.Unsafe.copyMemory: available
java.nio.Buffer.address: available
direct buffer constructor: unavailable: Reflective setAccessible(true) disabled
java.nio.Bits.unaligned: available, true
jdk.internal.misc.Unsafe.allocateUninitializedArray(int): unavailable: class io.netty.util.internal.PlatformDependent0$6 cannot access class jdk.internal.misc.Unsafe (in module java.base) because module java.base does not export jdk.internal.misc to unnamed module @7ff35a3f
java.nio.DirectByteBuffer.<init>(long, int): unavailable
sun.misc.Unsafe: available
maxDirectMemory: 1056964608 bytes (maybe)
-Dio.netty.tmpdir: C:\Users\Vika\AppData\Local\Temp (java.io.tmpdir)
-Dio.netty.bitMode: 64 (sun.arch.data.model)
Platform: Windows
-Dio.netty.maxDirectMemory: -1 bytes
-Dio.netty.uninitializedArrayAllocationThreshold: -1
java.nio.ByteBuffer.cleaner(): available
-Dio.netty.noPreferDirect: false
org.jctools-core.MpscChunkedArrayQueue: available
-Dio.netty.threadLocalMap.stringBuilder.initialSize: 1024
-Dio.netty.threadLocalMap.stringBuilder.maxSize: 4096
Default protocols (JDK): [TLSv1.3, TLSv1.2] 
Default cipher suites (JDK): [TLS_ECDHE_ECDSA_WITH_AES_256_GCM_SHA384, TLS_ECDHE_ECDSA_WITH_AES_128_GCM_SHA256, TLS_ECDHE_RSA_WITH_AES_128_GCM_SHA256, TLS_ECDHE_RSA_WITH_AES_256_GCM_SHA384, TLS_ECDHE_RSA_WITH_AES_128_CBC_SHA, TLS_ECDHE_RSA_WITH_AES_256_CBC_SHA, TLS_RSA_WITH_AES_128_GCM_SHA256, TLS_RSA_WITH_AES_128_CBC_SHA, TLS_RSA_WITH_AES_256_CBC_SHA, TLS_AES_128_GCM_SHA256, TLS_AES_256_GCM_SHA384]
-Dio.netty.eventLoopThreads: 8
-Dio.netty.noKeySetOptimization: false
-Dio.netty.selectorAutoRebuildThreshold: 512
-Dio.netty.allocator.numHeapArenas: 8
-Dio.netty.allocator.numDirectArenas: 8
-Dio.netty.allocator.pageSize: 8192
-Dio.netty.allocator.maxOrder: 11
-Dio.netty.allocator.chunkSize: 16777216
-Dio.netty.allocator.smallCacheSize: 256
-Dio.netty.allocator.normalCacheSize: 64
-Dio.netty.allocator.maxCachedBufferCapacity: 32768
-Dio.netty.allocator.cacheTrimInterval: 8192
-Dio.netty.allocator.cacheTrimIntervalMillis: 0
-Dio.netty.allocator.useCacheForAllThreads: true
-Dio.netty.allocator.maxCachedByteBuffersPerChunk: 1023
-Dio.netty.allocator.type: pooled
-Dio.netty.threadLocalDirectBufferSize: 0
-Dio.netty.maxThreadLocalCharBufferSize: 16384
-Dio.netty.processId: 3932 (auto-detected)
-Djava.net.preferIPv4Stack: false
-Djava.net.preferIPv6Addresses: false
Loopback interface: lo (Software Loopback Interface 1, 127.0.0.1)
Failed to get SOMAXCONN from sysctl and file \proc\sys\net\core\somaxconn. Default: 200
-Dio.netty.machineId: ec:a8:6b:ff:fe:f2:16:e9 (auto-detected)
-Dio.netty.buffer.checkAccessible: true
-Dio.netty.buffer.checkBounds: true
Loaded default ResourceLeakDetector: io.netty.util.ResourceLeakDetector@713e6ff3
-Dio.netty.recycler.maxCapacityPerThread: 4096
-Dio.netty.recycler.maxSharedCapacityFactor: 2
-Dio.netty.recycler.linkCapacity: 16
-Dio.netty.recycler.ratio: 8
-Dio.netty.recycler.delayedQueue.ratio: 8
brotli4j not in the classpath; Brotli support will be unavailable.
-Dio.netty.initialSeedUniquifier: 0xd5485f42048da18e
Set '60' timeout in seconds for loading of pages
Set async javascript execution timeout '10' in seconds
Browser 'CHROME' ready...
Maximizing browser window
Navigate to url - 'https://vk.com/'
Waiting for page to load
Text Field 'Login input' :: Clearing
Text Field 'Login input' :: Typing '+375291660762'
Text Field 'Password input' :: Clearing
Text Field 'Password input' :: Typing 'PuV6j_.2&$m9h?UYY'
Button 'Enter button' :: Clicking
Link 'My page' :: Clicking
Waiting for page to load
Label 'User as author' :: Getting attribute 'href'
Label 'User as author' :: Value of attribute 'href': [https://vk.com/id627657327]
Label 'Post text' :: Getting text from element
Label 'Post text' :: Element's text: [shxSLp8eoQfPrFZ]
Label 'Post text' :: Getting text from element
Label 'Post text' :: Element's text: [shxSLp8eoQfPrFZ]
Closing browser
